<?xml version="1.0" encoding="UTF-8"?>
<!-- Generated by org.testng.reporters.JUnitReportReporter -->
<testsuite hostname="DESKTOP-IA0DLJF" name="com.pulse.Test.ValidLogin2" tests="2" failures="0" timestamp="2 Feb 2019 07:44:09 GMT" time="372.900" errors="0">
  <testcase name="TC3" time="331.681" classname="com.pulse.Test.ValidLogin2"/>
  <testcase name="TC4" time="41.219" classname="com.pulse.Test.ValidLogin2"/>
</testsuite> <!-- com.pulse.Test.ValidLogin2 -->
