<?xml version="1.0" encoding="UTF-8"?>
<!-- Generated by org.testng.reporters.JUnitReportReporter -->
<testsuite hostname="DESKTOP-IA0DLJF" name="com.pulse.Test.ValidLogin" tests="2" failures="0" timestamp="2 Feb 2019 07:44:08 GMT" time="409.129" errors="0">
  <testcase name="TC2" time="24.749" classname="com.pulse.Test.ValidLogin"/>
  <testcase name="TC1" time="384.380" classname="com.pulse.Test.ValidLogin"/>
</testsuite> <!-- com.pulse.Test.ValidLogin -->
