<?xml version="1.0" encoding="UTF-8"?>
<!-- Generated by org.testng.reporters.JUnitReportReporter -->
<testsuite hostname="DESKTOP-IA0DLJF" name="com.pulse.Test.ValidLogin4" tests="2" failures="0" timestamp="20 Jan 2019 15:03:57 GMT" time="201.404" errors="0">
  <testcase name="TC7" time="119.353" classname="com.pulse.Test.ValidLogin4"/>
  <testcase name="TC8" time="82.051" classname="com.pulse.Test.ValidLogin4"/>
</testsuite> <!-- com.pulse.Test.ValidLogin4 -->
