<?xml version="1.0" encoding="UTF-8"?>
<!-- Generated by org.testng.reporters.JUnitReportReporter -->
<testsuite hostname="DESKTOP-IA0DLJF" name="com.pulse.Test.ValidLogin3" tests="2" failures="0" timestamp="2 Feb 2019 07:44:09 GMT" time="390.227" errors="0">
  <testcase name="TC6" time="36.875" classname="com.pulse.Test.ValidLogin3"/>
  <testcase name="TC5" time="353.352" classname="com.pulse.Test.ValidLogin3"/>
</testsuite> <!-- com.pulse.Test.ValidLogin3 -->
